#
# There is insufficient memory for the Java Runtime Environment to continue.
# Native memory allocation (malloc) failed to allocate 564816 bytes for Chunk::new
# Possible reasons:
#   The system is out of physical RAM or swap space
#   The process is running with CompressedOops enabled, and the Java Heap may be blocking the growth of the native heap
# Possible solutions:
#   Reduce memory load on the system
#   Increase physical memory or swap space
#   Check if swap backing store is full
#   Decrease Java heap size (-Xmx/-Xms)
#   Decrease number of Java threads
#   Decrease Java thread stack sizes (-Xss)
#   Set larger code cache with -XX:ReservedCodeCacheSize=
#   JVM is running with Unscaled Compressed Oops mode in which the Java heap is
#     placed in the first 4GB address space. The Java Heap base address is the
#     maximum limit for the native heap growth. Please use -XX:HeapBaseMinAddress
#     to set the Java Heap base and to place the Java Heap above 4GB virtual address.
# This output file may be truncated or incomplete.
#
#  Out of Memory Error (arena.cpp:168), pid=22044, tid=23524
#
# JRE version: Java(TM) SE Runtime Environment (21.0.2+13) (build 21.0.2+13-LTS-58)
# Java VM: Java HotSpot(TM) 64-Bit Server VM (21.0.2+13-LTS-58, mixed mode, sharing, tiered, compressed oops, compressed class ptrs, g1 gc, windows-amd64)
# No core dump will be written. Minidumps are not enabled by default on client versions of Windows
#

---------------  S U M M A R Y ------------

Command Line: --enable-native-access=ALL-UNNAMED -Dclassworlds.conf=C:\Users\USUARIO\.m2\wrapper\dists\apache-maven-3.9.11\03d7e36a140982eea48e22c1dcac01d8862b2550b2939e09a0809bbc5182a5bc\bin\m2.conf -Dmaven.home=C:\Users\USUARIO\.m2\wrapper\dists\apache-maven-3.9.11\03d7e36a140982eea48e22c1dcac01d8862b2550b2939e09a0809bbc5182a5bc -Dlibrary.jansi.path=C:\Users\USUARIO\.m2\wrapper\dists\apache-maven-3.9.11\03d7e36a140982eea48e22c1dcac01d8862b2550b2939e09a0809bbc5182a5bc\lib\jansi-native -Dmaven.multiModuleProjectDirectory=c:\Users\USUARIO\OneDrive - Universidad de Antioquia\Documentos\Udea\2025-2\Arquitectura\Feature-2\backend\gateway org.codehaus.plexus.classworlds.launcher.Launcher -q help:effective-pom -Doutput=c:\Users\USUARIO\OneDrive - Universidad de Antioquia\Documentos\Udea\2025-2\Arquitectura\Feature-2\backend\gateway\effective-pom.xml

Host: Intel(R) Core(TM) i5-1035G1 CPU @ 1.00GHz, 8 cores, 7G,  Windows 10 , 64 bit Build 19041 (10.0.19041.5915)
Time: Mon Oct 27 00:33:08 2025 Hora est. Pacífico, Sudamérica elapsed time: 21.015587 seconds (0d 0h 0m 21s)

---------------  T H R E A D  ---------------

Current thread (0x0000024b6a9987e0):  JavaThread "C2 CompilerThread0" daemon [_thread_in_native, id=23524, stack(0x0000005ff4400000,0x0000005ff4500000) (1024K)]


Current CompileTask:
C2:  21015 4027       4       org.eclipse.sisu.inject.LocatedBeans$Itr::hasNext (169 bytes)

Stack: [0x0000005ff4400000,0x0000005ff4500000]
Native frames: (J=compiled Java code, j=interpreted, Vv=VM code, C=native code)
V  [jvm.dll+0x6cade9]
V  [jvm.dll+0x8569c1]
V  [jvm.dll+0x858d2e]
V  [jvm.dll+0x859413]
V  [jvm.dll+0x280e56]
V  [jvm.dll+0xc3f3d]
V  [jvm.dll+0xc4473]
V  [jvm.dll+0x3b5bf2]
V  [jvm.dll+0x382855]
V  [jvm.dll+0x381cca]
V  [jvm.dll+0x249bd0]
V  [jvm.dll+0x2491b1]
V  [jvm.dll+0x1c9634]
V  [jvm.dll+0x258859]
V  [jvm.dll+0x256e3a]
V  [jvm.dll+0x3ef6c6]
V  [jvm.dll+0x7ff568]
V  [jvm.dll+0x6c953d]
C  [ucrtbase.dll+0x21bb2]
C  [KERNEL32.DLL+0x17374]
C  [ntdll.dll+0x4cc91]


---------------  P R O C E S S  ---------------

Threads class SMR info:
_java_thread_list=0x0000024b6f69c090, length=11, elements={
0x0000024b4e2f98b0, 0x0000024b6a98e640, 0x0000024b6a98f0a0, 0x0000024b6a98fb00,
0x0000024b6a990560, 0x0000024b6a992fd0, 0x0000024b6a995a40, 0x0000024b6a9987e0,
0x0000024b6a99c8b0, 0x0000024b6f172b00, 0x0000024b6f174750
}

Java Threads: ( => current thread )
  0x0000024b4e2f98b0 JavaThread "main"                              [_thread_in_native, id=14104, stack(0x0000005ff3600000,0x0000005ff3700000) (1024K)]
  0x0000024b6a98e640 JavaThread "Reference Handler"          daemon [_thread_blocked, id=13700, stack(0x0000005ff3e00000,0x0000005ff3f00000) (1024K)]
  0x0000024b6a98f0a0 JavaThread "Finalizer"                  daemon [_thread_blocked, id=10268, stack(0x0000005ff3f00000,0x0000005ff4000000) (1024K)]
  0x0000024b6a98fb00 JavaThread "Signal Dispatcher"          daemon [_thread_blocked, id=16760, stack(0x0000005ff4000000,0x0000005ff4100000) (1024K)]
  0x0000024b6a990560 JavaThread "Attach Listener"            daemon [_thread_blocked, id=23068, stack(0x0000005ff4100000,0x0000005ff4200000) (1024K)]
  0x0000024b6a992fd0 JavaThread "Service Thread"             daemon [_thread_blocked, id=21992, stack(0x0000005ff4200000,0x0000005ff4300000) (1024K)]
  0x0000024b6a995a40 JavaThread "Monitor Deflation Thread"   daemon [_thread_blocked, id=22980, stack(0x0000005ff4300000,0x0000005ff4400000) (1024K)]
=>0x0000024b6a9987e0 JavaThread "C2 CompilerThread0"         daemon [_thread_in_native, id=23524, stack(0x0000005ff4400000,0x0000005ff4500000) (1024K)]
  0x0000024b6a99c8b0 JavaThread "C1 CompilerThread0"         daemon [_thread_blocked, id=1060, stack(0x0000005ff4500000,0x0000005ff4600000) (1024K)]
  0x0000024b6f172b00 JavaThread "Notification Thread"        daemon [_thread_blocked, id=12708, stack(0x0000005ff4600000,0x0000005ff4700000) (1024K)]
  0x0000024b6f174750 JavaThread "Common-Cleaner"             daemon [_thread_blocked, id=1196, stack(0x0000005ff4700000,0x0000005ff4800000) (1024K)]
Total: 11

Other Threads:
  0x0000024b4c1a0ee0 VMThread "VM Thread"                           [id=20452, stack(0x0000005ff3d00000,0x0000005ff3e00000) (1024K)]
  0x0000024b6a956eb0 WatcherThread "VM Periodic Task Thread"        [id=7436, stack(0x0000005ff3c00000,0x0000005ff3d00000) (1024K)]
  0x0000024b4c1a1280 WorkerThread "GC Thread#0"                     [id=20848, stack(0x0000005ff3700000,0x0000005ff3800000) (1024K)]
  0x0000024b4c1a1d60 WorkerThread "GC Thread#1"                     [id=16652, stack(0x0000005ff4800000,0x0000005ff4900000) (1024K)]
  0x0000024b6fba4400 WorkerThread "GC Thread#2"                     [id=23016, stack(0x0000005ff4900000,0x0000005ff4a00000) (1024K)]
  0x0000024b6fba5620 WorkerThread "GC Thread#3"                     [id=14640, stack(0x0000005ff4a00000,0x0000005ff4b00000) (1024K)]
  0x0000024b6fba59c0 WorkerThread "GC Thread#4"                     [id=14924, stack(0x0000005ff4b00000,0x0000005ff4c00000) (1024K)]
  0x0000024b6fba4b40 WorkerThread "GC Thread#5"                     [id=14984, stack(0x0000005ff4c00000,0x0000005ff4d00000) (1024K)]
  0x0000024b6fba3580 WorkerThread "GC Thread#6"                     [id=23200, stack(0x0000005ff4d00000,0x0000005ff4e00000) (1024K)]
  0x0000024b6fba5d60 WorkerThread "GC Thread#7"                     [id=1528, stack(0x0000005ff4e00000,0x0000005ff4f00000) (1024K)]
  0x0000024b4e36f4b0 ConcurrentGCThread "G1 Main Marker"            [id=11036, stack(0x0000005ff3800000,0x0000005ff3900000) (1024K)]
  0x0000024b4c1a1620 WorkerThread "G1 Conc#0"                       [id=23232, stack(0x0000005ff3900000,0x0000005ff3a00000) (1024K)]
  0x0000024b4e3be820 ConcurrentGCThread "G1 Refine#0"               [id=12912, stack(0x0000005ff3a00000,0x0000005ff3b00000) (1024K)]
  0x0000024b6a82b400 ConcurrentGCThread "G1 Service"                [id=22824, stack(0x0000005ff3b00000,0x0000005ff3c00000) (1024K)]
Total: 14

Threads with active compile tasks:
C2 CompilerThread0    21549 4027       4       org.eclipse.sisu.inject.LocatedBeans$Itr::hasNext (169 bytes)
Total: 1

VM state: not at safepoint (normal execution)

VM Mutex/Monitor currently owned by a thread: None

Heap address: 0x0000000084000000, size: 1984 MB, Compressed Oops mode: 32-bit

CDS archive(s) mapped at: [0x0000024b00000000-0x0000024b00c90000-0x0000024b00c90000), size 13172736, SharedBaseAddress: 0x0000024b00000000, ArchiveRelocationMode: 1.
Compressed class space mapped at: 0x0000024b01000000-0x0000024b41000000, reserved size: 1073741824
Narrow klass base: 0x0000024b00000000, Narrow klass shift: 0, Narrow klass range: 0x100000000

GC Precious Log:
 CardTable entry size: 512
 Card Set container configuration: InlinePtr #cards 5 size 8 Array Of Cards #cards 12 size 40 Howl #buckets 4 coarsen threshold 1843 Howl Bitmap #cards 512 size 80 coarsen threshold 460 Card regions per heap region 1 cards per card region 2048
 CPUs: 8 total, 8 available
 Memory: 7932M
 Large Page Support: Disabled
 NUMA Support: Disabled
 Compressed Oops: Enabled (32-bit)
 Heap Region Size: 1M
 Heap Min Capacity: 8M
 Heap Initial Capacity: 124M
 Heap Max Capacity: 1984M
 Pre-touch: Disabled
 Parallel Workers: 8
 Concurrent Workers: 2
 Concurrent Refinement Workers: 8
 Periodic GC: Disabled

Heap:
 garbage-first heap   total 126976K, used 56320K [0x0000000084000000, 0x0000000100000000)
  region size 1024K, 52 young (53248K), 10 survivors (10240K)
 Metaspace       used 15996K, committed 16256K, reserved 1114112K
  class space    used 1855K, committed 1984K, reserved 1048576K

Heap Regions: E=young(eden), S=young(survivor), O=old, HS=humongous(starts), HC=humongous(continues), CS=collection set, F=free, TAMS=top-at-mark-start, PB=parsable bottom
|   0|0x0000000084000000, 0x0000000084100000, 0x0000000084100000|100%| O|  |TAMS 0x0000000084000000| PB 0x0000000084000000| Untracked 
|   1|0x0000000084100000, 0x0000000084200000, 0x0000000084200000|100%| O|  |TAMS 0x0000000084100000| PB 0x0000000084100000| Untracked 
|   2|0x0000000084200000, 0x0000000084300000, 0x0000000084300000|100%| O|  |TAMS 0x0000000084200000| PB 0x0000000084200000| Untracked 
|   3|0x0000000084300000, 0x0000000084400000, 0x0000000084400000|100%| O|  |TAMS 0x0000000084300000| PB 0x0000000084300000| Untracked 
|   4|0x0000000084400000, 0x0000000084400000, 0x0000000084500000|  0%| F|  |TAMS 0x0000000084400000| PB 0x0000000084400000| Untracked 
|   5|0x0000000084500000, 0x0000000084500000, 0x0000000084600000|  0%| F|  |TAMS 0x0000000084500000| PB 0x0000000084500000| Untracked 
|   6|0x0000000084600000, 0x0000000084600000, 0x0000000084700000|  0%| F|  |TAMS 0x0000000084600000| PB 0x0000000084600000| Untracked 
|   7|0x0000000084700000, 0x0000000084700000, 0x0000000084800000|  0%| F|  |TAMS 0x0000000084700000| PB 0x0000000084700000| Untracked 
|   8|0x0000000084800000, 0x0000000084800000, 0x0000000084900000|  0%| F|  |TAMS 0x0000000084800000| PB 0x0000000084800000| Untracked 
|   9|0x0000000084900000, 0x0000000084900000, 0x0000000084a00000|  0%| F|  |TAMS 0x0000000084900000| PB 0x0000000084900000| Untracked 
|  10|0x0000000084a00000, 0x0000000084a00000, 0x0000000084b00000|  0%| F|  |TAMS 0x0000000084a00000| PB 0x0000000084a00000| Untracked 
|  11|0x0000000084b00000, 0x0000000084b00000, 0x0000000084c00000|  0%| F|  |TAMS 0x0000000084b00000| PB 0x0000000084b00000| Untracked 
|  12|0x0000000084c00000, 0x0000000084c00000, 0x0000000084d00000|  0%| F|  |TAMS 0x0000000084c00000| PB 0x0000000084c00000| Untracked 
|  13|0x0000000084d00000, 0x0000000084d00000, 0x0000000084e00000|  0%| F|  |TAMS 0x0000000084d00000| PB 0x0000000084d00000| Untracked 
|  14|0x0000000084e00000, 0x0000000084e00000, 0x0000000084f00000|  0%| F|  |TAMS 0x0000000084e00000| PB 0x0000000084e00000| Untracked 
|  15|0x0000000084f00000, 0x0000000084f00000, 0x0000000085000000|  0%| F|  |TAMS 0x0000000084f00000| PB 0x0000000084f00000| Untracked 
|  16|0x0000000085000000, 0x0000000085000000, 0x0000000085100000|  0%| F|  |TAMS 0x0000000085000000| PB 0x0000000085000000| Untracked 
|  17|0x0000000085100000, 0x0000000085100000, 0x0000000085200000|  0%| F|  |TAMS 0x0000000085100000| PB 0x0000000085100000| Untracked 
|  18|0x0000000085200000, 0x0000000085200000, 0x0000000085300000|  0%| F|  |TAMS 0x0000000085200000| PB 0x0000000085200000| Untracked 
|  19|0x0000000085300000, 0x0000000085300000, 0x0000000085400000|  0%| F|  |TAMS 0x0000000085300000| PB 0x0000000085300000| Untracked 
|  20|0x0000000085400000, 0x0000000085400000, 0x0000000085500000|  0%| F|  |TAMS 0x0000000085400000| PB 0x0000000085400000| Untracked 
|  21|0x0000000085500000, 0x0000000085500000, 0x0000000085600000|  0%| F|  |TAMS 0x0000000085500000| PB 0x0000000085500000| Untracked 
|  22|0x0000000085600000, 0x0000000085600000, 0x0000000085700000|  0%| F|  |TAMS 0x0000000085600000| PB 0x0000000085600000| Untracked 
|  23|0x0000000085700000, 0x0000000085700000, 0x0000000085800000|  0%| F|  |TAMS 0x0000000085700000| PB 0x0000000085700000| Untracked 
|  24|0x0000000085800000, 0x0000000085800000, 0x0000000085900000|  0%| F|  |TAMS 0x0000000085800000| PB 0x0000000085800000| Untracked 
|  25|0x0000000085900000, 0x0000000085900000, 0x0000000085a00000|  0%| F|  |TAMS 0x0000000085900000| PB 0x0000000085900000| Untracked 
|  26|0x0000000085a00000, 0x0000000085a00000, 0x0000000085b00000|  0%| F|  |TAMS 0x0000000085a00000| PB 0x0000000085a00000| Untracked 
|  27|0x0000000085b00000, 0x0000000085b00000, 0x0000000085c00000|  0%| F|  |TAMS 0x0000000085b00000| PB 0x0000000085b00000| Untracked 
|  28|0x0000000085c00000, 0x0000000085c00000, 0x0000000085d00000|  0%| F|  |TAMS 0x0000000085c00000| PB 0x0000000085c00000| Untracked 
|  29|0x0000000085d00000, 0x0000000085d00000, 0x0000000085e00000|  0%| F|  |TAMS 0x0000000085d00000| PB 0x0000000085d00000| Untracked 
|  30|0x0000000085e00000, 0x0000000085e00000, 0x0000000085f00000|  0%| F|  |TAMS 0x0000000085e00000| PB 0x0000000085e00000| Untracked 
|  31|0x0000000085f00000, 0x0000000085f00000, 0x0000000086000000|  0%| F|  |TAMS 0x0000000085f00000| PB 0x0000000085f00000| Untracked 
|  32|0x0000000086000000, 0x0000000086000000, 0x0000000086100000|  0%| F|  |TAMS 0x0000000086000000| PB 0x0000000086000000| Untracked 
|  33|0x0000000086100000, 0x0000000086100000, 0x0000000086200000|  0%| F|  |TAMS 0x0000000086100000| PB 0x0000000086100000| Untracked 
|  34|0x0000000086200000, 0x0000000086200000, 0x0000000086300000|  0%| F|  |TAMS 0x0000000086200000| PB 0x0000000086200000| Untracked 
|  35|0x0000000086300000, 0x0000000086300000, 0x0000000086400000|  0%| F|  |TAMS 0x0000000086300000| PB 0x0000000086300000| Untracked 
|  36|0x0000000086400000, 0x0000000086400000, 0x0000000086500000|  0%| F|  |TAMS 0x0000000086400000| PB 0x0000000086400000| Untracked 
|  37|0x0000000086500000, 0x0000000086500000, 0x0000000086600000|  0%| F|  |TAMS 0x0000000086500000| PB 0x0000000086500000| Untracked 
|  38|0x0000000086600000, 0x0000000086600000, 0x0000000086700000|  0%| F|  |TAMS 0x0000000086600000| PB 0x0000000086600000| Untracked 
|  39|0x0000000086700000, 0x0000000086700000, 0x0000000086800000|  0%| F|  |TAMS 0x0000000086700000| PB 0x0000000086700000| Untracked 
|  40|0x0000000086800000, 0x0000000086900000, 0x0000000086900000|100%| S|CS|TAMS 0x0000000086800000| PB 0x0000000086800000| Complete 
|  41|0x0000000086900000, 0x0000000086a00000, 0x0000000086a00000|100%| S|CS|TAMS 0x0000000086900000| PB 0x0000000086900000| Complete 
|  42|0x0000000086a00000, 0x0000000086b00000, 0x0000000086b00000|100%| S|CS|TAMS 0x0000000086a00000| PB 0x0000000086a00000| Complete 
|  43|0x0000000086b00000, 0x0000000086c00000, 0x0000000086c00000|100%| S|CS|TAMS 0x0000000086b00000| PB 0x0000000086b00000| Complete 
|  44|0x0000000086c00000, 0x0000000086d00000, 0x0000000086d00000|100%| S|CS|TAMS 0x0000000086c00000| PB 0x0000000086c00000| Complete 
|  45|0x0000000086d00000, 0x0000000086e00000, 0x0000000086e00000|100%| S|CS|TAMS 0x0000000086d00000| PB 0x0000000086d00000| Complete 
|  46|0x0000000086e00000, 0x0000000086f00000, 0x0000000086f00000|100%| S|CS|TAMS 0x0000000086e00000| PB 0x0000000086e00000| Complete 
|  47|0x0000000086f00000, 0x0000000087000000, 0x0000000087000000|100%| S|CS|TAMS 0x0000000086f00000| PB 0x0000000086f00000| Complete 
|  48|0x0000000087000000, 0x0000000087100000, 0x0000000087100000|100%| S|CS|TAMS 0x0000000087000000| PB 0x0000000087000000| Complete 
|  49|0x0000000087100000, 0x0000000087200000, 0x0000000087200000|100%| S|CS|TAMS 0x0000000087100000| PB 0x0000000087100000| Complete 
|  50|0x0000000087200000, 0x0000000087200000, 0x0000000087300000|  0%| F|  |TAMS 0x0000000087200000| PB 0x0000000087200000| Untracked 
|  51|0x0000000087300000, 0x0000000087300000, 0x0000000087400000|  0%| F|  |TAMS 0x0000000087300000| PB 0x0000000087300000| Untracked 
|  52|0x0000000087400000, 0x0000000087400000, 0x0000000087500000|  0%| F|  |TAMS 0x0000000087400000| PB 0x0000000087400000| Untracked 
|  53|0x0000000087500000, 0x0000000087500000, 0x0000000087600000|  0%| F|  |TAMS 0x0000000087500000| PB 0x0000000087500000| Untracked 
|  54|0x0000000087600000, 0x0000000087600000, 0x0000000087700000|  0%| F|  |TAMS 0x0000000087600000| PB 0x0000000087600000| Untracked 
|  55|0x0000000087700000, 0x0000000087700000, 0x0000000087800000|  0%| F|  |TAMS 0x0000000087700000| PB 0x0000000087700000| Untracked 
|  56|0x0000000087800000, 0x0000000087800000, 0x0000000087900000|  0%| F|  |TAMS 0x0000000087800000| PB 0x0000000087800000| Untracked 
|  57|0x0000000087900000, 0x0000000087900000, 0x0000000087a00000|  0%| F|  |TAMS 0x0000000087900000| PB 0x0000000087900000| Untracked 
|  58|0x0000000087a00000, 0x0000000087a00000, 0x0000000087b00000|  0%| F|  |TAMS 0x0000000087a00000| PB 0x0000000087a00000| Untracked 
|  59|0x0000000087b00000, 0x0000000087b00000, 0x0000000087c00000|  0%| F|  |TAMS 0x0000000087b00000| PB 0x0000000087b00000| Untracked 
|  60|0x0000000087c00000, 0x0000000087c00000, 0x0000000087d00000|  0%| F|  |TAMS 0x0000000087c00000| PB 0x0000000087c00000| Untracked 
|  61|0x0000000087d00000, 0x0000000087d00000, 0x0000000087e00000|  0%| F|  |TAMS 0x0000000087d00000| PB 0x0000000087d00000| Untracked 
|  62|0x0000000087e00000, 0x0000000087e00000, 0x0000000087f00000|  0%| F|  |TAMS 0x0000000087e00000| PB 0x0000000087e00000| Untracked 
|  63|0x0000000087f00000, 0x0000000087f00000, 0x0000000088000000|  0%| F|  |TAMS 0x0000000087f00000| PB 0x0000000087f00000| Untracked 
|  64|0x0000000088000000, 0x0000000088000000, 0x0000000088100000|  0%| F|  |TAMS 0x0000000088000000| PB 0x0000000088000000| Untracked 
|  65|0x0000000088100000, 0x0000000088100000, 0x0000000088200000|  0%| F|  |TAMS 0x0000000088100000| PB 0x0000000088100000| Untracked 
|  66|0x0000000088200000, 0x0000000088200000, 0x0000000088300000|  0%| F|  |TAMS 0x0000000088200000| PB 0x0000000088200000| Untracked 
|  67|0x0000000088300000, 0x0000000088300000, 0x0000000088400000|  0%| F|  |TAMS 0x0000000088300000| PB 0x0000000088300000| Untracked 
|  68|0x0000000088400000, 0x0000000088400000, 0x0000000088500000|  0%| F|  |TAMS 0x0000000088400000| PB 0x0000000088400000| Untracked 
|  69|0x0000000088500000, 0x0000000088500000, 0x0000000088600000|  0%| F|  |TAMS 0x0000000088500000| PB 0x0000000088500000| Untracked 
|  70|0x0000000088600000, 0x0000000088600000, 0x0000000088700000|  0%| F|  |TAMS 0x0000000088600000| PB 0x0000000088600000| Untracked 
|  71|0x0000000088700000, 0x0000000088700000, 0x0000000088800000|  0%| F|  |TAMS 0x0000000088700000| PB 0x0000000088700000| Untracked 
|  72|0x0000000088800000, 0x0000000088800000, 0x0000000088900000|  0%| F|  |TAMS 0x0000000088800000| PB 0x0000000088800000| Untracked 
|  73|0x0000000088900000, 0x0000000088900000, 0x0000000088a00000|  0%| F|  |TAMS 0x0000000088900000| PB 0x0000000088900000| Untracked 
|  74|0x0000000088a00000, 0x0000000088a00000, 0x0000000088b00000|  0%| F|  |TAMS 0x0000000088a00000| PB 0x0000000088a00000| Untracked 
|  75|0x0000000088b00000, 0x0000000088b00000, 0x0000000088c00000|  0%| F|  |TAMS 0x0000000088b00000| PB 0x0000000088b00000| Untracked 
|  76|0x0000000088c00000, 0x0000000088c00000, 0x0000000088d00000|  0%| F|  |TAMS 0x0000000088c00000| PB 0x0000000088c00000| Untracked 
|  77|0x0000000088d00000, 0x0000000088d00000, 0x0000000088e00000|  0%| F|  |TAMS 0x0000000088d00000| PB 0x0000000088d00000| Untracked 
|  78|0x0000000088e00000, 0x0000000088e00000, 0x0000000088f00000|  0%| F|  |TAMS 0x0000000088e00000| PB 0x0000000088e00000| Untracked 
|  79|0x0000000088f00000, 0x0000000088f00000, 0x0000000089000000|  0%| F|  |TAMS 0x0000000088f00000| PB 0x0000000088f00000| Untracked 
|  80|0x0000000089000000, 0x0000000089000000, 0x0000000089100000|  0%| F|  |TAMS 0x0000000089000000| PB 0x0000000089000000| Untracked 
|  81|0x0000000089100000, 0x0000000089100000, 0x0000000089200000|  0%| F|  |TAMS 0x0000000089100000| PB 0x0000000089100000| Untracked 
|  82|0x0000000089200000, 0x0000000089300000, 0x0000000089300000|100%| E|  |TAMS 0x0000000089200000| PB 0x0000000089200000| Complete 
|  83|0x0000000089300000, 0x0000000089400000, 0x0000000089400000|100%| E|CS|TAMS 0x0000000089300000| PB 0x0000000089300000| Complete 
|  84|0x0000000089400000, 0x0000000089500000, 0x0000000089500000|100%| E|CS|TAMS 0x0000000089400000| PB 0x0000000089400000| Complete 
|  85|0x0000000089500000, 0x0000000089600000, 0x0000000089600000|100%| E|CS|TAMS 0x0000000089500000| PB 0x0000000089500000| Complete 
|  86|0x0000000089600000, 0x0000000089700000, 0x0000000089700000|100%| E|CS|TAMS 0x0000000089600000| PB 0x0000000089600000| Complete 
|  87|0x0000000089700000, 0x0000000089800000, 0x0000000089800000|100%| E|CS|TAMS 0x0000000089700000| PB 0x0000000089700000| Complete 
|  88|0x0000000089800000, 0x0000000089900000, 0x0000000089900000|100%| E|CS|TAMS 0x0000000089800000| PB 0x0000000089800000| Complete 
|  89|0x0000000089900000, 0x0000000089a00000, 0x0000000089a00000|100%| E|CS|TAMS 0x0000000089900000| PB 0x0000000089900000| Complete 
|  90|0x0000000089a00000, 0x0000000089b00000, 0x0000000089b00000|100%| E|CS|TAMS 0x0000000089a00000| PB 0x0000000089a00000| Complete 
|  91|0x0000000089b00000, 0x0000000089c00000, 0x0000000089c00000|100%| E|CS|TAMS 0x0000000089b00000| PB 0x0000000089b00000| Complete 
|  92|0x0000000089c00000, 0x0000000089d00000, 0x0000000089d00000|100%| E|CS|TAMS 0x0000000089c00000| PB 0x0000000089c00000| Complete 
|  93|0x0000000089d00000, 0x0000000089e00000, 0x0000000089e00000|100%| E|CS|TAMS 0x0000000089d00000| PB 0x0000000089d00000| Complete 
|  94|0x0000000089e00000, 0x0000000089f00000, 0x0000000089f00000|100%| E|CS|TAMS 0x0000000089e00000| PB 0x0000000089e00000| Complete 
|  95|0x0000000089f00000, 0x000000008a000000, 0x000000008a000000|100%| E|CS|TAMS 0x0000000089f00000| PB 0x0000000089f00000| Complete 
|  96|0x000000008a000000, 0x000000008a100000, 0x000000008a100000|100%| E|CS|TAMS 0x000000008a000000| PB 0x000000008a000000| Complete 
|  97|0x000000008a100000, 0x000000008a200000, 0x000000008a200000|100%| E|CS|TAMS 0x000000008a100000| PB 0x000000008a100000| Complete 
|  98|0x000000008a200000, 0x000000008a300000, 0x000000008a300000|100%| E|CS|TAMS 0x000000008a200000| PB 0x000000008a200000| Complete 
|  99|0x000000008a300000, 0x000000008a400000, 0x000000008a400000|100%| E|CS|TAMS 0x000000008a300000| PB 0x000000008a300000| Complete 
| 100|0x000000008a400000, 0x000000008a500000, 0x000000008a500000|100%| E|CS|TAMS 0x000000008a400000| PB 0x000000008a400000| Complete 
| 101|0x000000008a500000, 0x000000008a600000, 0x000000008a600000|100%| E|CS|TAMS 0x000000008a500000| PB 0x000000008a500000| Complete 
| 102|0x000000008a600000, 0x000000008a700000, 0x000000008a700000|100%| E|CS|TAMS 0x000000008a600000| PB 0x000000008a600000| Complete 
| 103|0x000000008a700000, 0x000000008a800000, 0x000000008a800000|100%| E|CS|TAMS 0x000000008a700000| PB 0x000000008a700000| Complete 
| 104|0x000000008a800000, 0x000000008a900000, 0x000000008a900000|100%| E|CS|TAMS 0x000000008a800000| PB 0x000000008a800000| Complete 
| 105|0x000000008a900000, 0x000000008aa00000, 0x000000008aa00000|100%| E|CS|TAMS 0x000000008a900000| PB 0x000000008a900000| Complete 
| 106|0x000000008aa00000, 0x000000008ab00000, 0x000000008ab00000|100%| E|CS|TAMS 0x000000008aa00000| PB 0x000000008aa00000| Complete 
| 107|0x000000008ab00000, 0x000000008ac00000, 0x000000008ac00000|100%| E|CS|TAMS 0x000000008ab00000| PB 0x000000008ab00000| Complete 
| 108|0x000000008ac00000, 0x000000008ad00000, 0x000000008ad00000|100%| E|CS|TAMS 0x000000008ac00000| PB 0x000000008ac00000| Complete 
| 109|0x000000008ad00000, 0x000000008ae00000, 0x000000008ae00000|100%| E|CS|TAMS 0x000000008ad00000| PB 0x000000008ad00000| Complete 
| 110|0x000000008ae00000, 0x000000008af00000, 0x000000008af00000|100%| E|CS|TAMS 0x000000008ae00000| PB 0x000000008ae00000| Complete 
| 111|0x000000008af00000, 0x000000008b000000, 0x000000008b000000|100%| E|CS|TAMS 0x000000008af00000| PB 0x000000008af00000| Complete 
| 112|0x000000008b000000, 0x000000008b100000, 0x000000008b100000|100%| E|CS|TAMS 0x000000008b000000| PB 0x000000008b000000| Complete 
| 113|0x000000008b100000, 0x000000008b200000, 0x000000008b200000|100%| E|CS|TAMS 0x000000008b100000| PB 0x000000008b100000| Complete 
| 114|0x000000008b200000, 0x000000008b300000, 0x000000008b300000|100%| E|CS|TAMS 0x000000008b200000| PB 0x000000008b200000| Complete 
| 115|0x000000008b300000, 0x000000008b400000, 0x000000008b400000|100%| E|CS|TAMS 0x000000008b300000| PB 0x000000008b300000| Complete 
| 116|0x000000008b400000, 0x000000008b500000, 0x000000008b500000|100%| E|CS|TAMS 0x000000008b400000| PB 0x000000008b400000| Complete 
| 117|0x000000008b500000, 0x000000008b600000, 0x000000008b600000|100%| E|CS|TAMS 0x000000008b500000| PB 0x000000008b500000| Complete 
| 118|0x000000008b600000, 0x000000008b700000, 0x000000008b700000|100%| E|CS|TAMS 0x000000008b600000| PB 0x000000008b600000| Complete 
| 119|0x000000008b700000, 0x000000008b800000, 0x000000008b800000|100%| E|CS|TAMS 0x000000008b700000| PB 0x000000008b700000| Complete 
| 120|0x000000008b800000, 0x000000008b900000, 0x000000008b900000|100%| E|CS|TAMS 0x000000008b800000| PB 0x000000008b800000| Complete 
| 121|0x000000008b900000, 0x000000008ba00000, 0x000000008ba00000|100%| E|CS|TAMS 0x000000008b900000| PB 0x000000008b900000| Complete 
| 122|0x000000008ba00000, 0x000000008bb00000, 0x000000008bb00000|100%| E|CS|TAMS 0x000000008ba00000| PB 0x000000008ba00000| Complete 
| 123|0x000000008bb00000, 0x000000008bc00000, 0x000000008bc00000|100%| E|CS|TAMS 0x000000008bb00000| PB 0x000000008bb00000| Complete 

Card table byte_map: [0x0000024b65e70000,0x0000024b66250000] _byte_map_base: 0x0000024b65a50000

Marking Bits: (CMBitMap*) 0x0000024b4e35f3d0
 Bits: [0x0000024b66250000, 0x0000024b68150000)

Polling page: 0x0000024b4c290000

Metaspace:

Usage:
  Non-class:     13.81 MB used.
      Class:      1.81 MB used.
       Both:     15.62 MB used.

Virtual space:
  Non-class space:       64.00 MB reserved,      13.94 MB ( 22%) committed,  1 nodes.
      Class space:        1.00 GB reserved,       1.94 MB ( <1%) committed,  1 nodes.
             Both:        1.06 GB reserved,      15.88 MB (  1%) committed. 

Chunk freelists:
   Non-Class:  1.75 MB
       Class:  13.94 MB
        Both:  15.69 MB

MaxMetaspaceSize: unlimited
CompressedClassSpaceSize: 1.00 GB
Initial GC threshold: 21.00 MB
Current GC threshold: 21.00 MB
CDS: on
 - commit_granule_bytes: 65536.
 - commit_granule_words: 8192.
 - virtual_space_node_default_size: 8388608.
 - enlarge_chunks_in_place: 1.
 - use_allocation_guard: 0.


Internal statistics:

num_allocs_failed_limit: 0.
num_arena_births: 164.
num_arena_deaths: 0.
num_vsnodes_births: 2.
num_vsnodes_deaths: 0.
num_space_committed: 254.
num_space_uncommitted: 0.
num_chunks_returned_to_freelist: 0.
num_chunks_taken_from_freelist: 677.
num_chunk_merges: 0.
num_chunk_splits: 485.
num_chunks_enlarged: 404.
num_inconsistent_stats: 0.

CodeHeap 'non-profiled nmethods': size=120000Kb used=2086Kb max_used=2086Kb free=117913Kb
 bounds [0x0000024b5e230000, 0x0000024b5e4a0000, 0x0000024b65760000]
CodeHeap 'profiled nmethods': size=120000Kb used=8497Kb max_used=8497Kb free=111502Kb
 bounds [0x0000024b56760000, 0x0000024b56fb0000, 0x0000024b5dc90000]
CodeHeap 'non-nmethods': size=5760Kb used=1531Kb max_used=1583Kb free=4229Kb
 bounds [0x0000024b5dc90000, 0x0000024b5df00000, 0x0000024b5e230000]
 total_blobs=4613 nmethods=4127 adapters=390
 compilation: enabled
              stopped_count=0, restarted_count=0
 full_count=0

Compilation events (20 events):
Event: 20.865 Thread 0x0000024b6a9987e0 nmethod 4072% 0x0000024b5e433010 code [0x0000024b5e4332a0, 0x0000024b5e434048]
Event: 20.865 Thread 0x0000024b6a9987e0 4083       4       java.util.HashMap::keysToArray (81 bytes)
Event: 20.888 Thread 0x0000024b6a9987e0 nmethod 4083 0x0000024b5e434b90 code [0x0000024b5e434d40, 0x0000024b5e435308]
Event: 20.889 Thread 0x0000024b6a9987e0 4027       4       org.eclipse.sisu.inject.LocatedBeans$Itr::hasNext (169 bytes)
Event: 20.899 Thread 0x0000024b6a99c8b0 4084       3       java.nio.ByteBuffer::limit (6 bytes)
Event: 20.899 Thread 0x0000024b6a99c8b0 nmethod 4084 0x0000024b56f94590 code [0x0000024b56f94740, 0x0000024b56f94908]
Event: 20.902 Thread 0x0000024b6a99c8b0 4085       3       org.apache.maven.model.building.DefaultModelBuilder::getCache (50 bytes)
Event: 20.903 Thread 0x0000024b6a99c8b0 nmethod 4085 0x0000024b56f94990 code [0x0000024b56f94bc0, 0x0000024b56f952a8]
Event: 20.903 Thread 0x0000024b6a99c8b0 4086       3       org.apache.maven.repository.internal.DefaultModelCache::get (26 bytes)
Event: 20.905 Thread 0x0000024b6a99c8b0 nmethod 4086 0x0000024b56f95510 code [0x0000024b56f956e0, 0x0000024b56f95a38]
Event: 20.935 Thread 0x0000024b6a99c8b0 4087       1       org.apache.maven.model.ReportPlugin::getVersion (5 bytes)
Event: 20.935 Thread 0x0000024b6a99c8b0 nmethod 4087 0x0000024b5e435510 code [0x0000024b5e4356a0, 0x0000024b5e435768]
Event: 20.935 Thread 0x0000024b6a99c8b0 4088       1       org.apache.maven.model.License::getName (5 bytes)
Event: 20.936 Thread 0x0000024b6a99c8b0 nmethod 4088 0x0000024b5e435810 code [0x0000024b5e4359a0, 0x0000024b5e435a68]
Event: 20.936 Thread 0x0000024b6a99c8b0 4089       1       org.apache.maven.model.License::getUrl (5 bytes)
Event: 20.936 Thread 0x0000024b6a99c8b0 nmethod 4089 0x0000024b5e435b10 code [0x0000024b5e435ca0, 0x0000024b5e435d68]
Event: 20.936 Thread 0x0000024b6a99c8b0 4090       1       org.apache.maven.model.License::getDistribution (5 bytes)
Event: 20.936 Thread 0x0000024b6a99c8b0 nmethod 4090 0x0000024b5e435e10 code [0x0000024b5e435fa0, 0x0000024b5e436068]
Event: 20.936 Thread 0x0000024b6a99c8b0 4091       1       org.apache.maven.model.License::getComments (5 bytes)
Event: 20.936 Thread 0x0000024b6a99c8b0 nmethod 4091 0x0000024b5e436110 code [0x0000024b5e4362a0, 0x0000024b5e436368]

GC Heap History (6 events):
Event: 4.596 GC heap before
{Heap before GC invocations=0 (full 0):
 garbage-first heap   total 126976K, used 23552K [0x0000000084000000, 0x0000000100000000)
  region size 1024K, 23 young (23552K), 0 survivors (0K)
 Metaspace       used 5642K, committed 5888K, reserved 1114112K
  class space    used 657K, committed 768K, reserved 1048576K
}
Event: 4.613 GC heap after
{Heap after GC invocations=1 (full 0):
 garbage-first heap   total 126976K, used 3680K [0x0000000084000000, 0x0000000100000000)
  region size 1024K, 3 young (3072K), 3 survivors (3072K)
 Metaspace       used 5642K, committed 5888K, reserved 1114112K
  class space    used 657K, committed 768K, reserved 1048576K
}
Event: 8.802 GC heap before
{Heap before GC invocations=1 (full 0):
 garbage-first heap   total 126976K, used 34400K [0x0000000084000000, 0x0000000100000000)
  region size 1024K, 33 young (33792K), 3 survivors (3072K)
 Metaspace       used 9444K, committed 9600K, reserved 1114112K
  class space    used 1118K, committed 1216K, reserved 1048576K
}
Event: 8.818 GC heap after
{Heap after GC invocations=2 (full 0):
 garbage-first heap   total 126976K, used 5757K [0x0000000084000000, 0x0000000100000000)
  region size 1024K, 2 young (2048K), 2 survivors (2048K)
 Metaspace       used 9444K, committed 9600K, reserved 1114112K
  class space    used 1118K, committed 1216K, reserved 1048576K
}
Event: 17.869 GC heap before
{Heap before GC invocations=2 (full 0):
 garbage-first heap   total 126976K, used 79485K [0x0000000084000000, 0x0000000100000000)
  region size 1024K, 74 young (75776K), 2 survivors (2048K)
 Metaspace       used 15728K, committed 15936K, reserved 1114112K
  class space    used 1828K, committed 1920K, reserved 1048576K
}
Event: 17.902 GC heap after
{Heap after GC invocations=3 (full 0):
 garbage-first heap   total 126976K, used 14336K [0x0000000084000000, 0x0000000100000000)
  region size 1024K, 10 young (10240K), 10 survivors (10240K)
 Metaspace       used 15728K, committed 15936K, reserved 1114112K
  class space    used 1828K, committed 1920K, reserved 1048576K
}

Dll operation events (8 events):
Event: 0.022 Loaded shared library C:\Program Files\Java\jdk-21\bin\java.dll
Event: 0.128 Loaded shared library C:\Program Files\Java\jdk-21\bin\jsvml.dll
Event: 0.195 Loaded shared library C:\Program Files\Java\jdk-21\bin\net.dll
Event: 0.200 Loaded shared library C:\Program Files\Java\jdk-21\bin\nio.dll
Event: 0.212 Loaded shared library C:\Program Files\Java\jdk-21\bin\zip.dll
Event: 1.171 Loaded shared library C:\Users\USUARIO\.m2\wrapper\dists\apache-maven-3.9.11\03d7e36a140982eea48e22c1dcac01d8862b2550b2939e09a0809bbc5182a5bc\lib\jansi-native\Windows\x86_64\jansi.dll
Event: 1.241 Loaded shared library C:\Program Files\Java\jdk-21\bin\verify.dll
Event: 1.276 Loaded shared library C:\Program Files\Java\jdk-21\bin\jimage.dll

Deoptimization events (20 events):
Event: 20.729 Thread 0x0000024b4e2f98b0 Uncommon trap: trap_request=0xffffffbe fr.pc=0x0000024b5e42b738 relative=0x0000000000001158
Event: 20.729 Thread 0x0000024b4e2f98b0 Uncommon trap: reason=profile_predicate action=maybe_recompile pc=0x0000024b5e42b738 method=java.util.concurrent.ConcurrentHashMap.putAll(Ljava/util/Map;)V @ 28 c2
Event: 20.729 Thread 0x0000024b4e2f98b0 DEOPT PACKING pc=0x0000024b5e42b738 sp=0x0000005ff36fd7e0
Event: 20.729 Thread 0x0000024b4e2f98b0 DEOPT UNPACKING pc=0x0000024b5dce7da2 sp=0x0000005ff36fd7c0 mode 2
Event: 20.731 Thread 0x0000024b4e2f98b0 Uncommon trap: trap_request=0xffffffbe fr.pc=0x0000024b5e42b738 relative=0x0000000000001158
Event: 20.731 Thread 0x0000024b4e2f98b0 Uncommon trap: reason=profile_predicate action=maybe_recompile pc=0x0000024b5e42b738 method=java.util.concurrent.ConcurrentHashMap.putAll(Ljava/util/Map;)V @ 28 c2
Event: 20.731 Thread 0x0000024b4e2f98b0 DEOPT PACKING pc=0x0000024b5e42b738 sp=0x0000005ff36fd500
Event: 20.732 Thread 0x0000024b4e2f98b0 DEOPT UNPACKING pc=0x0000024b5dce7da2 sp=0x0000005ff36fd4e0 mode 2
Event: 20.732 Thread 0x0000024b4e2f98b0 Uncommon trap: trap_request=0xffffffbe fr.pc=0x0000024b5e42b738 relative=0x0000000000001158
Event: 20.732 Thread 0x0000024b4e2f98b0 Uncommon trap: reason=profile_predicate action=maybe_recompile pc=0x0000024b5e42b738 method=java.util.concurrent.ConcurrentHashMap.putAll(Ljava/util/Map;)V @ 28 c2
Event: 20.732 Thread 0x0000024b4e2f98b0 DEOPT PACKING pc=0x0000024b5e42b738 sp=0x0000005ff36fd270
Event: 20.732 Thread 0x0000024b4e2f98b0 DEOPT UNPACKING pc=0x0000024b5dce7da2 sp=0x0000005ff36fd250 mode 2
Event: 20.732 Thread 0x0000024b4e2f98b0 Uncommon trap: trap_request=0xffffffbe fr.pc=0x0000024b5e42b738 relative=0x0000000000001158
Event: 20.732 Thread 0x0000024b4e2f98b0 Uncommon trap: reason=profile_predicate action=maybe_recompile pc=0x0000024b5e42b738 method=java.util.concurrent.ConcurrentHashMap.putAll(Ljava/util/Map;)V @ 28 c2
Event: 20.732 Thread 0x0000024b4e2f98b0 DEOPT PACKING pc=0x0000024b5e42b738 sp=0x0000005ff36fd1c0
Event: 20.732 Thread 0x0000024b4e2f98b0 DEOPT UNPACKING pc=0x0000024b5dce7da2 sp=0x0000005ff36fd1a0 mode 2
Event: 20.849 Thread 0x0000024b4e2f98b0 Uncommon trap: trap_request=0xffffffbe fr.pc=0x0000024b5e427fd8 relative=0x0000000000000318
Event: 20.849 Thread 0x0000024b4e2f98b0 Uncommon trap: reason=profile_predicate action=maybe_recompile pc=0x0000024b5e427fd8 method=java.util.HashMap.keysToArray([Ljava/lang/Object;)[Ljava/lang/Object; @ 32 c2
Event: 20.849 Thread 0x0000024b4e2f98b0 DEOPT PACKING pc=0x0000024b5e427fd8 sp=0x0000005ff36fcd30
Event: 20.849 Thread 0x0000024b4e2f98b0 DEOPT UNPACKING pc=0x0000024b5dce7da2 sp=0x0000005ff36fcce0 mode 2

Classes loaded (20 events):
Event: 13.467 Loading class java/util/spi/ResourceBundleProvider
Event: 13.467 Loading class java/util/spi/ResourceBundleProvider done
Event: 13.467 Loading class sun/util/resources/LocaleData$LocaleDataResourceBundleProvider done
Event: 13.467 Loading class sun/util/resources/LocaleData$CommonResourceBundleProvider done
Event: 13.468 Loading class sun/util/resources/Bundles$2
Event: 13.468 Loading class sun/util/resources/Bundles$2 done
Event: 13.628 Loading class java/util/StringTokenizer
Event: 13.630 Loading class java/util/StringTokenizer done
Event: 13.948 Loading class java/util/stream/Streams$RangeIntSpliterator
Event: 13.949 Loading class java/util/stream/Streams$RangeIntSpliterator done
Event: 16.248 Loading class java/util/stream/MatchOps$MatchKind
Event: 16.248 Loading class java/util/stream/MatchOps$MatchKind done
Event: 16.249 Loading class java/util/stream/MatchOps
Event: 16.249 Loading class java/util/stream/MatchOps done
Event: 16.249 Loading class java/util/stream/MatchOps$MatchOp
Event: 16.250 Loading class java/util/stream/MatchOps$MatchOp done
Event: 16.250 Loading class java/util/stream/MatchOps$BooleanTerminalSink
Event: 16.250 Loading class java/util/stream/MatchOps$BooleanTerminalSink done
Event: 16.251 Loading class java/util/stream/MatchOps$1MatchSink
Event: 16.252 Loading class java/util/stream/MatchOps$1MatchSink done

Classes unloaded (0 events):
No events

Classes redefined (0 events):
No events

Internal exceptions (20 events):
Event: 10.118 Thread 0x0000024b4e2f98b0 Exception <a 'java/lang/NoSuchMethodError'{0x000000008b5fdea8}: 'java.lang.Object java.lang.invoke.DirectMethodHandle$Holder.invokeSpecial(java.lang.Object, java.lang.Object, java.lang.Object, int, java.lang.Object)'> (0x000000008b5fdea8) 
thrown [s\open\src\hotspot\share\interpreter\linkResolver.cpp, line 773]
Event: 10.120 Thread 0x0000024b4e2f98b0 Exception <a 'java/lang/NoSuchMethodError'{0x000000008b406808}: 'int java.lang.invoke.DirectMethodHandle$Holder.invokeSpecial(java.lang.Object, java.lang.Object, java.lang.Object, int)'> (0x000000008b406808) 
thrown [s\open\src\hotspot\share\interpreter\linkResolver.cpp, line 773]
Event: 10.142 Thread 0x0000024b4e2f98b0 Implicit null exception at 0x0000024b5e2d34da to 0x0000024b5e2d36b4
Event: 10.148 Thread 0x0000024b4e2f98b0 Exception <a 'java/lang/NoSuchMethodError'{0x000000008b42b5f8}: 'java.lang.Object java.lang.invoke.Invokers$Holder.invokeExact_MT(java.lang.Object, int, java.lang.Object)'> (0x000000008b42b5f8) 
thrown [s\open\src\hotspot\share\interpreter\linkResolver.cpp, line 773]
Event: 11.680 Thread 0x0000024b4e2f98b0 Exception <a 'java/lang/NoSuchMethodError'{0x000000008ac48af0}: 'void java.lang.invoke.Invokers$Holder.invokeExact_MT(java.lang.Object, java.lang.Object, java.lang.Object, java.lang.Object)'> (0x000000008ac48af0) 
thrown [s\open\src\hotspot\share\interpreter\linkResolver.cpp, line 773]
Event: 11.786 Thread 0x0000024b4e2f98b0 Exception <a 'java/lang/NoClassDefFoundError'{0x000000008acdc7b8}: com/google/inject/servlet/ServletModuleTargetVisitor> (0x000000008acdc7b8) 
thrown [s\open\src\hotspot\share\classfile\systemDictionary.cpp, line 301]
Event: 12.280 Thread 0x0000024b4e2f98b0 Exception <a 'java/lang/NoSuchMethodError'{0x000000008aada410}: 'void java.lang.invoke.DirectMethodHandle$Holder.invokeVirtual(java.lang.Object, java.lang.Object)'> (0x000000008aada410) 
thrown [s\open\src\hotspot\share\interpreter\linkResolver.cpp, line 773]
Event: 12.499 Thread 0x0000024b4e2f98b0 Exception <a 'java/lang/NoSuchMethodError'{0x000000008a959f60}: 'java.lang.Object java.lang.invoke.DirectMethodHandle$Holder.invokeStaticInit(java.lang.Object, int, int, int, int)'> (0x000000008a959f60) 
thrown [s\open\src\hotspot\share\interpreter\linkResolver.cpp, line 773]
Event: 13.189 Thread 0x0000024b4e2f98b0 Implicit null exception at 0x0000024b5e25b724 to 0x0000024b5e25bdf4
Event: 13.189 Thread 0x0000024b4e2f98b0 Implicit null exception at 0x0000024b5e259ba0 to 0x0000024b5e25a260
Event: 13.323 Thread 0x0000024b4e2f98b0 Exception <a 'java/lang/NoSuchMethodError'{0x000000008a46cd30}: 'void java.lang.invoke.DirectMethodHandle$Holder.invokeSpecial(java.lang.Object, java.lang.Object, java.lang.Object, java.lang.Object, java.lang.Object)'> (0x000000008a46cd30) 
thrown [s\open\src\hotspot\share\interpreter\linkResolver.cpp, line 773]
Event: 13.329 Thread 0x0000024b4e2f98b0 Exception <a 'java/lang/NoSuchMethodError'{0x000000008a487300}: 'void java.lang.invoke.DirectMethodHandle$Holder.invokeSpecial(java.lang.Object, java.lang.Object, java.lang.Object, java.lang.Object, java.lang.Object, java.lang.Object)'> (0x000000008a487300) 
thrown [s\open\src\hotspot\share\interpreter\linkResolver.cpp, line 773]
Event: 13.399 Thread 0x0000024b4e2f98b0 Exception <a 'java/lang/NoSuchMethodError'{0x000000008a377b60}: 'java.lang.Object java.lang.invoke.DirectMethodHandle$Holder.invokeVirtual(java.lang.Object, java.lang.Object, java.lang.Object)'> (0x000000008a377b60) 
thrown [s\open\src\hotspot\share\interpreter\linkResolver.cpp, line 773]
Event: 13.696 Thread 0x0000024b4e2f98b0 Exception <a 'java/lang/NoSuchMethodError'{0x000000008a168a28}: 'void java.lang.invoke.DirectMethodHandle$Holder.invokeVirtual(java.lang.Object, java.lang.Object, int)'> (0x000000008a168a28) 
thrown [s\open\src\hotspot\share\interpreter\linkResolver.cpp, line 773]
Event: 13.698 Thread 0x0000024b4e2f98b0 Exception <a 'java/lang/NoSuchMethodError'{0x000000008a16c7c8}: 'void java.lang.invoke.DirectMethodHandle$Holder.invokeSpecial(java.lang.Object, java.lang.Object, java.lang.Object, int)'> (0x000000008a16c7c8) 
thrown [s\open\src\hotspot\share\interpreter\linkResolver.cpp, line 773]
Event: 13.699 Thread 0x0000024b4e2f98b0 Exception <a 'java/lang/NoSuchMethodError'{0x000000008a16fe88}: 'void java.lang.invoke.DelegatingMethodHandle$Holder.reinvoke_L(java.lang.Object, java.lang.Object, int)'> (0x000000008a16fe88) 
thrown [s\open\src\hotspot\share\interpreter\linkResolver.cpp, line 773]
Event: 20.643 Thread 0x0000024b4e2f98b0 Implicit null exception at 0x0000024b5e36193a to 0x0000024b5e3631ec
Event: 20.644 Thread 0x0000024b4e2f98b0 Implicit null exception at 0x0000024b5e2ec798 to 0x0000024b5e2ec974
Event: 20.644 Thread 0x0000024b4e2f98b0 Implicit null exception at 0x0000024b5e31ce8d to 0x0000024b5e31d6a6
Event: 20.711 Thread 0x0000024b4e2f98b0 Exception <a 'java/lang/NoSuchMethodError'{0x00000000899fda30}: 'java.lang.Object java.lang.invoke.DirectMethodHandle$Holder.newInvokeSpecial(java.lang.Object, java.lang.Object, java.lang.Object, java.lang.Object, java.lang.Object, java.lang.Object, java.lang.Object)'> (0x00000000899fda30) 
thrown [s\open\src\hotspot\share\interpreter\linkResolver.cpp, line 773]

ZGC Phase Switch (0 events):
No events

VM Operations (20 events):
Event: 12.930 Executing VM operation: HandshakeAllThreads (Deoptimize)
Event: 12.931 Executing VM operation: HandshakeAllThreads (Deoptimize) done
Event: 12.932 Executing VM operation: HandshakeAllThreads (Deoptimize)
Event: 12.932 Executing VM operation: HandshakeAllThreads (Deoptimize) done
Event: 13.947 Executing VM operation: Cleanup
Event: 13.947 Executing VM operation: Cleanup done
Event: 14.956 Executing VM operation: Cleanup
Event: 14.956 Executing VM operation: Cleanup done
Event: 15.959 Executing VM operation: Cleanup
Event: 15.960 Executing VM operation: Cleanup done
Event: 16.974 Executing VM operation: Cleanup
Event: 16.991 Executing VM operation: Cleanup done
Event: 17.869 Executing VM operation: G1CollectForAllocation (G1 Evacuation Pause)
Event: 17.902 Executing VM operation: G1CollectForAllocation (G1 Evacuation Pause) done
Event: 18.911 Executing VM operation: Cleanup
Event: 18.911 Executing VM operation: Cleanup done
Event: 19.921 Executing VM operation: Cleanup
Event: 19.941 Executing VM operation: Cleanup done
Event: 20.952 Executing VM operation: Cleanup
Event: 20.952 Executing VM operation: Cleanup done

Events (15 events):
Event: 0.064 Thread 0x0000024b4e2f98b0 Thread added: 0x0000024b4e2f98b0
Event: 0.111 Thread 0x0000024b6a98e640 Thread added: 0x0000024b6a98e640
Event: 0.112 Thread 0x0000024b6a98f0a0 Thread added: 0x0000024b6a98f0a0
Event: 0.112 Thread 0x0000024b6a98fb00 Thread added: 0x0000024b6a98fb00
Event: 0.112 Thread 0x0000024b6a990560 Thread added: 0x0000024b6a990560
Event: 0.113 Thread 0x0000024b6a992fd0 Thread added: 0x0000024b6a992fd0
Event: 0.114 Thread 0x0000024b6a995a40 Thread added: 0x0000024b6a995a40
Event: 0.114 Thread 0x0000024b6a9987e0 Thread added: 0x0000024b6a9987e0
Event: 0.117 Thread 0x0000024b6a99c8b0 Thread added: 0x0000024b6a99c8b0
Event: 0.175 Thread 0x0000024b6f172b00 Thread added: 0x0000024b6f172b00
Event: 0.185 Thread 0x0000024b6f174750 Thread added: 0x0000024b6f174750
Event: 1.151 Thread 0x0000024b6f475400 Thread added: 0x0000024b6f475400
Event: 1.342 Thread 0x0000024b6f475400 Thread exited: 0x0000024b6f475400
Event: 13.442 Thread 0x0000024b6f9f7ee0 Thread added: 0x0000024b6f9f7ee0
Event: 14.679 Thread 0x0000024b6f9f7ee0 Thread exited: 0x0000024b6f9f7ee0


Dynamic libraries:
0x00007ff6b3350000 - 0x00007ff6b3360000 	C:\Program Files\Java\jdk-21\bin\java.exe
0x00007ffab35f0000 - 0x00007ffab37e8000 	C:\Windows\SYSTEM32\ntdll.dll
0x00007ffaa2090000 - 0x00007ffaa20b0000 	C:\Program Files\Avast Software\Avast\aswhook.dll
0x00007ffab1db0000 - 0x00007ffab1e72000 	C:\Windows\System32\KERNEL32.DLL
0x00007ffab11e0000 - 0x00007ffab14d6000 	C:\Windows\System32\KERNELBASE.dll
0x00007ffab10e0000 - 0x00007ffab11e0000 	C:\Windows\System32\ucrtbase.dll
0x00007ffa9fd40000 - 0x00007ffa9fd59000 	C:\Program Files\Java\jdk-21\bin\jli.dll
0x00007ffab2850000 - 0x00007ffab2901000 	C:\Windows\System32\ADVAPI32.dll
0x00007ffab2e40000 - 0x00007ffab2ede000 	C:\Windows\System32\msvcrt.dll
0x00007ffa6a740000 - 0x00007ffa6a75b000 	C:\Program Files\Java\jdk-21\bin\VCRUNTIME140.dll
0x00007ffab2910000 - 0x00007ffab29af000 	C:\Windows\System32\sechost.dll
0x00007ffab2730000 - 0x00007ffab2850000 	C:\Windows\System32\RPCRT4.dll
0x00007ffab0c90000 - 0x00007ffab0cb7000 	C:\Windows\System32\bcrypt.dll
0x00007ffab2ca0000 - 0x00007ffab2e3d000 	C:\Windows\System32\USER32.dll
0x00007ffab10b0000 - 0x00007ffab10d2000 	C:\Windows\System32\win32u.dll
0x00007ffa9cea0000 - 0x00007ffa9d13b000 	C:\Windows\WinSxS\amd64_microsoft.windows.common-controls_6595b64144ccf1df_6.0.19041.6280_none_60bc30a171f2f3f3\COMCTL32.dll
0x00007ffab2af0000 - 0x00007ffab2b1b000 	C:\Windows\System32\GDI32.dll
0x00007ffab0f40000 - 0x00007ffab1059000 	C:\Windows\System32\gdi32full.dll
0x00007ffab0cc0000 - 0x00007ffab0d5d000 	C:\Windows\System32\msvcp_win.dll
0x00007ffaa3320000 - 0x00007ffaa332a000 	C:\Windows\SYSTEM32\VERSION.dll
0x00007ffab25d0000 - 0x00007ffab25ff000 	C:\Windows\System32\IMM32.DLL
0x00007ffaa8f50000 - 0x00007ffaa8f5c000 	C:\Program Files\Java\jdk-21\bin\vcruntime140_1.dll
0x00007ffa541e0000 - 0x00007ffa5426e000 	C:\Program Files\Java\jdk-21\bin\msvcp140.dll
0x00007ff9f73a0000 - 0x00007ff9f80b7000 	C:\Program Files\Java\jdk-21\bin\server\jvm.dll
0x00007ffab2b20000 - 0x00007ffab2b8b000 	C:\Windows\System32\WS2_32.dll
0x00007ffab0af0000 - 0x00007ffab0b3b000 	C:\Windows\SYSTEM32\POWRPROF.dll
0x00007ffa94550000 - 0x00007ffa94577000 	C:\Windows\SYSTEM32\WINMM.dll
0x00007ffab0ad0000 - 0x00007ffab0ae2000 	C:\Windows\SYSTEM32\UMPDC.dll
0x00007ffaaead0000 - 0x00007ffaaeae2000 	C:\Windows\SYSTEM32\kernel.appcore.dll
0x00007ffaa8e60000 - 0x00007ffaa8e6a000 	C:\Program Files\Java\jdk-21\bin\jimage.dll
0x00007ffaadff0000 - 0x00007ffaae1f1000 	C:\Windows\SYSTEM32\DBGHELP.DLL
0x00007ffaadb50000 - 0x00007ffaadb84000 	C:\Windows\SYSTEM32\dbgcore.DLL
0x00007ffab1590000 - 0x00007ffab1612000 	C:\Windows\System32\bcryptPrimitives.dll
0x00007ffa6a2d0000 - 0x00007ffa6a2ef000 	C:\Program Files\Java\jdk-21\bin\java.dll
0x00007ffab1630000 - 0x00007ffab1da0000 	C:\Windows\System32\SHELL32.dll
0x00007ffaaecd0000 - 0x00007ffaaf475000 	C:\Windows\SYSTEM32\windows.storage.dll
0x00007ffab1e80000 - 0x00007ffab21d3000 	C:\Windows\System32\combase.dll
0x00007ffab0510000 - 0x00007ffab053b000 	C:\Windows\SYSTEM32\Wldp.dll
0x00007ffab24a0000 - 0x00007ffab256d000 	C:\Windows\System32\OLEAUT32.dll
0x00007ffab2b90000 - 0x00007ffab2c3d000 	C:\Windows\System32\SHCORE.dll
0x00007ffab2c40000 - 0x00007ffab2c9b000 	C:\Windows\System32\shlwapi.dll
0x00007ffab0bc0000 - 0x00007ffab0be4000 	C:\Windows\SYSTEM32\profapi.dll
0x00007ffa5a170000 - 0x00007ffa5a247000 	C:\Program Files\Java\jdk-21\bin\jsvml.dll
0x00007ffaa30d0000 - 0x00007ffaa30e0000 	C:\Program Files\Java\jdk-21\bin\net.dll
0x00007ffaa24c0000 - 0x00007ffaa25ca000 	C:\Windows\SYSTEM32\WINHTTP.dll
0x00007ffab02f0000 - 0x00007ffab035a000 	C:\Windows\system32\mswsock.dll
0x00007ffa6a150000 - 0x00007ffa6a166000 	C:\Program Files\Java\jdk-21\bin\nio.dll
0x00007ffa5e690000 - 0x00007ffa5e6a8000 	C:\Program Files\Java\jdk-21\bin\zip.dll
0x00007ffa75620000 - 0x00007ffa75644000 	C:\Users\USUARIO\.m2\wrapper\dists\apache-maven-3.9.11\03d7e36a140982eea48e22c1dcac01d8862b2550b2939e09a0809bbc5182a5bc\lib\jansi-native\Windows\x86_64\jansi.dll
0x00007ffaa2900000 - 0x00007ffaa2910000 	C:\Program Files\Java\jdk-21\bin\verify.dll

dbghelp: loaded successfully - version: 4.0.5 - missing functions: none
symbol engine: initialized successfully - sym options: 0x614 - pdb path: .;C:\Program Files\Java\jdk-21\bin;C:\Windows\SYSTEM32;C:\Program Files\Avast Software\Avast;C:\Windows\WinSxS\amd64_microsoft.windows.common-controls_6595b64144ccf1df_6.0.19041.6280_none_60bc30a171f2f3f3;C:\Program Files\Java\jdk-21\bin\server;C:\Users\USUARIO\.m2\wrapper\dists\apache-maven-3.9.11\03d7e36a140982eea48e22c1dcac01d8862b2550b2939e09a0809bbc5182a5bc\lib\jansi-native\Windows\x86_64

VM Arguments:
jvm_args: --enable-native-access=ALL-UNNAMED -Dclassworlds.conf=C:\Users\USUARIO\.m2\wrapper\dists\apache-maven-3.9.11\03d7e36a140982eea48e22c1dcac01d8862b2550b2939e09a0809bbc5182a5bc\bin\m2.conf -Dmaven.home=C:\Users\USUARIO\.m2\wrapper\dists\apache-maven-3.9.11\03d7e36a140982eea48e22c1dcac01d8862b2550b2939e09a0809bbc5182a5bc -Dlibrary.jansi.path=C:\Users\USUARIO\.m2\wrapper\dists\apache-maven-3.9.11\03d7e36a140982eea48e22c1dcac01d8862b2550b2939e09a0809bbc5182a5bc\lib\jansi-native -Dmaven.multiModuleProjectDirectory=c:\Users\USUARIO\OneDrive - Universidad de Antioquia\Documentos\Udea\2025-2\Arquitectura\Feature-2\backend\gateway 
java_command: org.codehaus.plexus.classworlds.launcher.Launcher -q help:effective-pom -Doutput=c:\Users\USUARIO\OneDrive - Universidad de Antioquia\Documentos\Udea\2025-2\Arquitectura\Feature-2\backend\gateway\effective-pom.xml
java_class_path (initial): C:\Users\USUARIO\.m2\wrapper\dists\apache-maven-3.9.11\03d7e36a140982eea48e22c1dcac01d8862b2550b2939e09a0809bbc5182a5bc\boot\plexus-classworlds-2.9.0.jar
Launcher Type: SUN_STANDARD

[Global flags]
     intx CICompilerCount                          = 4                                         {product} {ergonomic}
     uint ConcGCThreads                            = 2                                         {product} {ergonomic}
     uint G1ConcRefinementThreads                  = 8                                         {product} {ergonomic}
   size_t G1HeapRegionSize                         = 1048576                                   {product} {ergonomic}
    uintx GCDrainStackTargetSize                   = 64                                        {product} {ergonomic}
   size_t InitialHeapSize                          = 130023424                                 {product} {ergonomic}
   size_t MarkStackSize                            = 4194304                                   {product} {ergonomic}
   size_t MaxHeapSize                              = 2080374784                                {product} {ergonomic}
   size_t MaxNewSize                               = 1247805440                                {product} {ergonomic}
   size_t MinHeapDeltaBytes                        = 1048576                                   {product} {ergonomic}
   size_t MinHeapSize                              = 8388608                                   {product} {ergonomic}
    uintx NonNMethodCodeHeapSize                   = 5839372                                {pd product} {ergonomic}
    uintx NonProfiledCodeHeapSize                  = 122909434                              {pd product} {ergonomic}
    uintx ProfiledCodeHeapSize                     = 122909434                              {pd product} {ergonomic}
    uintx ReservedCodeCacheSize                    = 251658240                              {pd product} {ergonomic}
     bool SegmentedCodeCache                       = true                                      {product} {ergonomic}
   size_t SoftMaxHeapSize                          = 2080374784                             {manageable} {ergonomic}
     bool UseCompressedOops                        = true                           {product lp64_product} {ergonomic}
     bool UseG1GC                                  = true                                      {product} {ergonomic}
     bool UseLargePagesIndividualAllocation        = false                                  {pd product} {ergonomic}

Logging:
Log output configuration:
 #0: stdout all=warning uptime,level,tags foldmultilines=false
 #1: stderr all=off uptime,level,tags foldmultilines=false

Environment Variables:
JAVA_HOME=C:\Program Files\Java\jdk-21
PATH=C:\app\USUARIO\product\21c\dbhomeXE\bin;C:\Program Files\Common Files\Oracle\Java\javapath;C:\Program Files (x86)\Common Files\Oracle\Java\javapath;C:\Windows\system32;C:\Windows;C:\Windows\System32\Wbem;C:\Windows\System32\WindowsPowerShell\v1.0\;C:\Windows\System32\OpenSSH\;C:\Program Files\Go\bin;C:\Program Files\Java\apache-maven-3.9.7\bin;C:\Program Files\Java\jdk-21\bin;C:\Program Files\dotnet\;C:\Program Files\Git\cmd;C:\Program Files\Docker\Docker\resources\bin;C:\Users\USUARIO\AppData\Local\nvm;C:\nvm4w\nodejs;C:\Program Files\nodejs\;C:\ProgramData\chocolatey\bin;C:\Users\USUARIO\AppData\Local\Microsoft\WindowsApps;C:\Users\USUARIO\AppData\Local\Programs\Microsoft VS Code\bin;C:\Users\USUARIO\go\bin;C:\Users\USUARIO\.dotnet\tools;C:\Users\USUARIO\AppData\Local\nvm;C:\nvm4w\nodejs;C:\Users\USUARIO\AppData\Roaming\npm;C:\Users\USUARIO\AppData\Local\Programs\cursor\resources\app\bin
USERNAME=USUARIO
OS=Windows_NT
PROCESSOR_IDENTIFIER=Intel64 Family 6 Model 126 Stepping 5, GenuineIntel
TMP=C:\Users\USUARIO\AppData\Local\Temp
TEMP=C:\Users\USUARIO\AppData\Local\Temp




Periodic native trim disabled

---------------  S Y S T E M  ---------------

OS:
 Windows 10 , 64 bit Build 19041 (10.0.19041.5915)
OS uptime: 1 days 5:14 hours
Hyper-V role detected

CPU: total 8 (initial active 8) (4 cores per cpu, 2 threads per core) family 6 model 126 stepping 5 microcode 0xa0, cx8, cmov, fxsr, ht, mmx, 3dnowpref, sse, sse2, sse3, ssse3, sse4.1, sse4.2, popcnt, lzcnt, tsc, tscinvbit, avx, avx2, aes, erms, clmul, bmi1, bmi2, adx, avx512f, avx512dq, avx512cd, avx512bw, avx512vl, sha, fma, vzeroupper, avx512_vpopcntdq, avx512_vpclmulqdq, avx512_vaes, avx512_vnni, clflush, clflushopt, avx512_vbmi2, avx512_vbmi, hv, rdtscp, rdpid, fsrm, gfni, avx512_bitalg, f16c, avx512_ifma
Processor Information for all 8 processors :
  Max Mhz: 1190, Current Mhz: 991, Mhz Limit: 987

Memory: 4k page, system-wide physical 7932M (370M free)
TotalPageFile size 29771M (AvailPageFile size 25M)
current process WorkingSet (physical memory assigned to process): 166M, peak: 182M
current process commit charge ("private bytes"): 242M, peak: 260M

vm_info: Java HotSpot(TM) 64-Bit Server VM (21.0.2+13-LTS-58) for windows-amd64 JRE (21.0.2+13-LTS-58), built on 2024-01-05T18:32:24Z by "mach5one" with MS VC++ 17.1 (VS2022)

END.
